2021-02-17 12:48:56 [main] INFO  o.s.b.t.c.SpringBootTestContextBootstrapper - Neither @ContextConfiguration nor @ContextHierarchy found for test class [com.microservices.demo.twitter.to.kafka.service.TwitterToKafkaServiceApplicationTests], using SpringBootContextLoader
2021-02-17 12:48:56 [main] INFO  o.s.t.c.s.AbstractContextLoader - Could not detect default resource locations for test class [com.microservices.demo.twitter.to.kafka.service.TwitterToKafkaServiceApplicationTests]: no resource found for suffixes {-context.xml, Context.groovy}.
2021-02-17 12:48:56 [main] INFO  o.s.t.c.s.AnnotationConfigContextLoaderUtils - Could not detect default configuration classes for test class [com.microservices.demo.twitter.to.kafka.service.TwitterToKafkaServiceApplicationTests]: TwitterToKafkaServiceApplicationTests does not declare any static, non-private, non-final, nested classes annotated with @Configuration.
2021-02-17 12:48:56 [main] INFO  o.s.b.t.c.SpringBootTestContextBootstrapper - Found @SpringBootConfiguration com.microservices.demo.twitter.to.kafka.service.TwitterToKafkaServiceApplication for test class com.microservices.demo.twitter.to.kafka.service.TwitterToKafkaServiceApplicationTests
2021-02-17 12:48:56 [main] INFO  o.s.b.t.c.SpringBootTestContextBootstrapper - Loaded default TestExecutionListener class names from location [META-INF/spring.factories]: [org.springframework.boot.test.mock.mockito.MockitoTestExecutionListener, org.springframework.boot.test.mock.mockito.ResetMocksTestExecutionListener, org.springframework.boot.test.autoconfigure.restdocs.RestDocsTestExecutionListener, org.springframework.boot.test.autoconfigure.web.client.MockRestServiceServerResetTestExecutionListener, org.springframework.boot.test.autoconfigure.web.servlet.MockMvcPrintOnlyOnFailureTestExecutionListener, org.springframework.boot.test.autoconfigure.web.servlet.WebDriverTestExecutionListener, org.springframework.boot.test.autoconfigure.webservices.client.MockWebServiceServerTestExecutionListener, org.springframework.test.context.web.ServletTestExecutionListener, org.springframework.test.context.support.DirtiesContextBeforeModesTestExecutionListener, org.springframework.test.context.support.DependencyInjectionTestExecutionListener, org.springframework.test.context.support.DirtiesContextTestExecutionListener, org.springframework.test.context.transaction.TransactionalTestExecutionListener, org.springframework.test.context.jdbc.SqlScriptsTestExecutionListener, org.springframework.test.context.event.EventPublishingTestExecutionListener]
2021-02-17 12:48:56 [main] INFO  o.s.b.t.c.SpringBootTestContextBootstrapper - Using TestExecutionListeners: [org.springframework.test.context.support.DirtiesContextBeforeModesTestExecutionListener@6187d1f5, org.springframework.boot.test.mock.mockito.MockitoTestExecutionListener@2445445a, org.springframework.boot.test.autoconfigure.SpringBootDependencyInjectionTestExecutionListener@7502291e, org.springframework.test.context.support.DirtiesContextTestExecutionListener@17aad511, org.springframework.test.context.event.EventPublishingTestExecutionListener@487db668, org.springframework.boot.test.mock.mockito.ResetMocksTestExecutionListener@46944ca9, org.springframework.boot.test.autoconfigure.restdocs.RestDocsTestExecutionListener@22bac7bc, org.springframework.boot.test.autoconfigure.web.client.MockRestServiceServerResetTestExecutionListener@63798ca7, org.springframework.boot.test.autoconfigure.web.servlet.MockMvcPrintOnlyOnFailureTestExecutionListener@4612b856, org.springframework.boot.test.autoconfigure.web.servlet.WebDriverTestExecutionListener@22875539, org.springframework.boot.test.autoconfigure.webservices.client.MockWebServiceServerTestExecutionListener@5674e1f2]
2021-02-17 12:48:56 [main] INFO  c.m.d.t.t.k.s.TwitterToKafkaServiceApplicationTests - Starting TwitterToKafkaServiceApplicationTests on master-node with PID 1607164 (started by dxc in /home/dxc/training/microservices/3/microservices-demo/twitter-to-kafka-service)
2021-02-17 12:48:56 [main] INFO  c.m.d.t.t.k.s.TwitterToKafkaServiceApplicationTests - No active profile set, falling back to default profiles: default
2021-02-17 12:48:57 [main] INFO  c.m.d.t.t.k.s.TwitterToKafkaServiceApplicationTests - Started TwitterToKafkaServiceApplicationTests in 0.816 seconds (JVM running for 1.892)
2021-02-17 12:48:57 [main] INFO  c.m.d.t.t.k.s.TwitterToKafkaServiceApplication - App starts...
2021-02-17 12:48:57 [main] INFO  c.m.d.t.t.k.s.TwitterToKafkaServiceApplication - [Java, Microservices, Kafka, Elasticsearch]
2021-02-17 12:48:57 [main] INFO  c.m.d.t.t.k.s.TwitterToKafkaServiceApplication - Hello microservices!
2021-02-17 12:48:57 [main] INFO  c.m.d.t.t.k.s.r.i.MockKafkaStreamRunner - Starting mock filtering twitter streams for keywords [Java, Microservices, Kafka, Elasticsearch]
2021-02-17 12:48:57 [main] INFO  c.m.d.t.t.k.s.l.TwitterKafkaStatusListener - Twitter status with text congue malesuada dolor adipiscing Kafka massa porttitor
2021-02-17 12:49:07 [main] INFO  c.m.d.t.t.k.s.l.TwitterKafkaStatusListener - Twitter status with text posuere ultricies posuere adipiscing sit Kafka malesuada malesuada purus congue
2021-02-17 12:49:17 [main] INFO  c.m.d.t.t.k.s.l.TwitterKafkaStatusListener - Twitter status with text ipsum Maecenas Lorem amet sed sed Elasticsearch Fusce magna Maecenas sed purus
2021-02-17 12:49:28 [main] INFO  c.m.d.t.t.k.s.l.TwitterKafkaStatusListener - Twitter status with text Maecenas amet massa malesuada dolor Microservices Lorem pulvinar purus
2021-02-17 12:49:38 [main] INFO  c.m.d.t.t.k.s.l.TwitterKafkaStatusListener - Twitter status with text lectus lectus magna pulvinar congue Kafka lectus libero Maecenas
2021-02-17 12:49:48 [main] INFO  c.m.d.t.t.k.s.l.TwitterKafkaStatusListener - Twitter status with text congue sit lectus dolor consectetuer sit massa Java sit porttitor purus magna congue ultricies
2021-02-17 12:49:58 [main] INFO  c.m.d.t.t.k.s.l.TwitterKafkaStatusListener - Twitter status with text libero ultricies Maecenas Fusce congue Kafka posuere lectus amet purus
2021-02-17 12:50:08 [main] INFO  c.m.d.t.t.k.s.l.TwitterKafkaStatusListener - Twitter status with text amet sed amet lectus dolor dolor porttitor Microservices malesuada Fusce malesuada posuere Maecenas
2021-02-17 12:50:18 [main] INFO  c.m.d.t.t.k.s.l.TwitterKafkaStatusListener - Twitter status with text lectus purus congue Lorem malesuada Microservices massa ipsum pulvinar
2021-02-17 12:50:28 [main] INFO  c.m.d.t.t.k.s.l.TwitterKafkaStatusListener - Twitter status with text magna Maecenas adipiscing consectetuer Fusce Microservices Fusce libero ipsum
2021-02-17 12:50:39 [main] INFO  c.m.d.t.t.k.s.l.TwitterKafkaStatusListener - Twitter status with text consectetuer lectus massa amet congue sed Maecenas libero Java elit sit ipsum Maecenas dolor dolor
2021-02-17 12:50:49 [main] INFO  c.m.d.t.t.k.s.l.TwitterKafkaStatusListener - Twitter status with text adipiscing ipsum consectetuer ultricies Java sed elit malesuada
2021-02-17 12:50:59 [main] INFO  c.m.d.t.t.k.s.l.TwitterKafkaStatusListener - Twitter status with text Fusce consectetuer consectetuer congue Maecenas Microservices ultricies purus congue massa
2021-02-17 12:51:10 [main] INFO  c.m.d.t.t.k.s.l.TwitterKafkaStatusListener - Twitter status with text Fusce ultricies massa massa Lorem Elasticsearch Lorem elit dolor
2021-02-17 12:51:20 [main] INFO  c.m.d.t.t.k.s.l.TwitterKafkaStatusListener - Twitter status with text sit dolor sed amet purus Elasticsearch ultricies libero lectus
2021-02-17 12:51:30 [main] INFO  c.m.d.t.t.k.s.l.TwitterKafkaStatusListener - Twitter status with text ultricies purus malesuada pulvinar lectus ultricies magna lectus Elasticsearch massa congue Lorem massa elit congue
2021-02-17 12:51:41 [main] INFO  c.m.d.t.t.k.s.l.TwitterKafkaStatusListener - Twitter status with text ipsum consectetuer consectetuer libero magna purus Elasticsearch elit massa dolor ultricies congue
2021-02-17 12:51:51 [main] INFO  c.m.d.t.t.k.s.l.TwitterKafkaStatusListener - Twitter status with text magna dolor lectus lectus Microservices libero malesuada
2021-02-17 12:52:01 [main] INFO  c.m.d.t.t.k.s.l.TwitterKafkaStatusListener - Twitter status with text pulvinar porttitor Lorem adipiscing Elasticsearch adipiscing Maecenas Lorem
2021-02-17 12:52:12 [main] INFO  c.m.d.t.t.k.s.l.TwitterKafkaStatusListener - Twitter status with text Fusce massa ultricies Lorem purus consectetuer lectus Elasticsearch ipsum malesuada elit ipsum Maecenas
2021-02-17 12:52:22 [main] INFO  c.m.d.t.t.k.s.l.TwitterKafkaStatusListener - Twitter status with text lectus consectetuer massa consectetuer Microservices dolor massa adipiscing
2021-02-17 12:52:32 [main] INFO  c.m.d.t.t.k.s.l.TwitterKafkaStatusListener - Twitter status with text porttitor massa magna pulvinar Lorem Kafka elit malesuada pulvinar amet
2021-02-17 12:52:42 [main] INFO  c.m.d.t.t.k.s.l.TwitterKafkaStatusListener - Twitter status with text purus congue sit Lorem adipiscing Fusce Lorem Java consectetuer libero consectetuer ipsum massa amet
2021-02-17 12:52:53 [main] INFO  c.m.d.t.t.k.s.l.TwitterKafkaStatusListener - Twitter status with text adipiscing amet porttitor libero Kafka purus sed elit
2021-02-17 12:53:03 [main] INFO  c.m.d.t.t.k.s.l.TwitterKafkaStatusListener - Twitter status with text purus ultricies massa purus posuere lectus consectetuer libero Elasticsearch porttitor amet sit consectetuer massa massa
2021-02-17 12:53:13 [main] INFO  c.m.d.t.t.k.s.l.TwitterKafkaStatusListener - Twitter status with text elit magna Lorem posuere Kafka congue Maecenas
2021-02-17 12:53:23 [main] INFO  c.m.d.t.t.k.s.l.TwitterKafkaStatusListener - Twitter status with text congue dolor ipsum Elasticsearch Lorem Lorem
2021-02-17 12:53:33 [main] INFO  c.m.d.t.t.k.s.l.TwitterKafkaStatusListener - Twitter status with text consectetuer sit amet consectetuer purus Kafka magna pulvinar lectus Maecenas
2021-02-17 12:53:43 [main] INFO  c.m.d.t.t.k.s.l.TwitterKafkaStatusListener - Twitter status with text adipiscing ipsum Lorem ipsum pulvinar Maecenas adipiscing Microservices elit libero ipsum magna malesuada
2021-02-17 12:53:53 [main] INFO  c.m.d.t.t.k.s.l.TwitterKafkaStatusListener - Twitter status with text ipsum sed lectus Elasticsearch Lorem adipiscing
2021-02-17 12:54:03 [main] INFO  c.m.d.t.t.k.s.l.TwitterKafkaStatusListener - Twitter status with text adipiscing elit sit Lorem amet massa posuere Java sed libero congue adipiscing libero
2021-02-17 12:54:13 [main] INFO  c.m.d.t.t.k.s.l.TwitterKafkaStatusListener - Twitter status with text porttitor amet congue ultricies Elasticsearch dolor sed
2021-02-17 12:54:25 [main] INFO  c.m.d.t.t.k.s.l.TwitterKafkaStatusListener - Twitter status with text Fusce pulvinar Fusce pulvinar ultricies Microservices sit purus dolor
2021-02-17 12:54:35 [main] INFO  c.m.d.t.t.k.s.l.TwitterKafkaStatusListener - Twitter status with text pulvinar adipiscing Maecenas consectetuer porttitor Elasticsearch consectetuer pulvinar pulvinar lectus
2021-02-17 12:54:45 [main] INFO  c.m.d.t.t.k.s.l.TwitterKafkaStatusListener - Twitter status with text adipiscing magna Lorem congue Elasticsearch purus magna
2021-02-17 12:54:56 [main] INFO  c.m.d.t.t.k.s.l.TwitterKafkaStatusListener - Twitter status with text ipsum pulvinar purus massa Kafka sed sed porttitor
2021-02-17 12:55:06 [main] INFO  c.m.d.t.t.k.s.l.TwitterKafkaStatusListener - Twitter status with text Fusce elit libero Microservices posuere consectetuer
2021-02-17 12:55:16 [main] INFO  c.m.d.t.t.k.s.l.TwitterKafkaStatusListener - Twitter status with text posuere libero amet magna consectetuer pulvinar posuere lectus Microservices ultricies Maecenas amet posuere magna sit
2021-02-17 12:55:26 [main] INFO  c.m.d.t.t.k.s.l.TwitterKafkaStatusListener - Twitter status with text posuere sit Lorem amet porttitor congue massa Microservices Fusce ultricies purus Fusce dolor magna
2021-02-17 12:55:36 [main] INFO  c.m.d.t.t.k.s.l.TwitterKafkaStatusListener - Twitter status with text ultricies congue elit amet massa sit consectetuer Kafka magna ipsum congue malesuada purus
2021-02-17 12:55:46 [main] INFO  c.m.d.t.t.k.s.l.TwitterKafkaStatusListener - Twitter status with text purus posuere malesuada Maecenas sed Kafka porttitor ultricies sed
2021-02-17 12:55:56 [main] INFO  c.m.d.t.t.k.s.l.TwitterKafkaStatusListener - Twitter status with text Lorem amet consectetuer Elasticsearch ipsum Maecenas
2021-02-17 12:56:07 [main] INFO  c.m.d.t.t.k.s.l.TwitterKafkaStatusListener - Twitter status with text purus lectus elit purus Kafka Fusce lectus porttitor
2021-02-17 12:56:17 [main] INFO  c.m.d.t.t.k.s.l.TwitterKafkaStatusListener - Twitter status with text dolor purus Lorem lectus Java Lorem Lorem
2021-02-17 12:56:27 [main] INFO  c.m.d.t.t.k.s.l.TwitterKafkaStatusListener - Twitter status with text purus ultricies Lorem ultricies libero magna pulvinar amet Elasticsearch magna adipiscing Fusce lectus malesuada Lorem amet
2021-02-17 12:56:38 [main] INFO  c.m.d.t.t.k.s.l.TwitterKafkaStatusListener - Twitter status with text sed sit malesuada porttitor libero dolor Kafka malesuada lectus dolor adipiscing sed
2021-02-17 12:56:48 [main] INFO  c.m.d.t.t.k.s.l.TwitterKafkaStatusListener - Twitter status with text purus Lorem dolor magna elit lectus posuere Microservices ipsum adipiscing massa ultricies sit Maecenas
2021-02-17 12:56:58 [main] INFO  c.m.d.t.t.k.s.l.TwitterKafkaStatusListener - Twitter status with text sit ipsum magna ipsum Lorem porttitor Elasticsearch posuere amet sit amet posuere
2021-02-17 12:57:09 [main] INFO  c.m.d.t.t.k.s.l.TwitterKafkaStatusListener - Twitter status with text massa massa ultricies libero Fusce amet dolor Kafka libero sed massa libero sit pulvinar
2021-02-17 12:57:19 [main] INFO  c.m.d.t.t.k.s.l.TwitterKafkaStatusListener - Twitter status with text sed Maecenas Lorem lectus ultricies Lorem malesuada Microservices consectetuer sed Maecenas consectetuer magna amet
2021-02-17 12:57:29 [main] INFO  c.m.d.t.t.k.s.l.TwitterKafkaStatusListener - Twitter status with text porttitor amet dolor ultricies Microservices purus pulvinar
2021-02-17 12:57:39 [main] INFO  c.m.d.t.t.k.s.l.TwitterKafkaStatusListener - Twitter status with text adipiscing lectus consectetuer amet adipiscing Elasticsearch magna posuere amet
2021-02-17 12:57:50 [main] INFO  c.m.d.t.t.k.s.l.TwitterKafkaStatusListener - Twitter status with text Fusce congue adipiscing sit pulvinar dolor sit Kafka malesuada dolor libero dolor sit Fusce
2021-02-17 12:58:00 [main] INFO  c.m.d.t.t.k.s.l.TwitterKafkaStatusListener - Twitter status with text elit sed lectus amet congue Kafka consectetuer ultricies magna
2021-02-17 12:58:10 [main] INFO  c.m.d.t.t.k.s.l.TwitterKafkaStatusListener - Twitter status with text malesuada massa Fusce adipiscing Maecenas Microservices purus pulvinar Lorem
2021-02-17 12:58:21 [main] INFO  c.m.d.t.t.k.s.l.TwitterKafkaStatusListener - Twitter status with text libero ipsum Fusce porttitor adipiscing Java purus adipiscing sed dolor
2021-02-17 12:58:31 [main] INFO  c.m.d.t.t.k.s.l.TwitterKafkaStatusListener - Twitter status with text pulvinar sed consectetuer consectetuer Maecenas Fusce consectetuer Maecenas Elasticsearch ipsum consectetuer ultricies porttitor Fusce libero
2021-02-17 12:58:41 [main] INFO  c.m.d.t.t.k.s.l.TwitterKafkaStatusListener - Twitter status with text Fusce libero dolor ultricies Kafka congue elit
2021-02-17 12:58:52 [main] INFO  c.m.d.t.t.k.s.l.TwitterKafkaStatusListener - Twitter status with text Lorem sit magna Maecenas consectetuer purus ipsum Kafka consectetuer Maecenas sit Maecenas consectetuer
2021-02-17 12:59:02 [main] INFO  c.m.d.t.t.k.s.l.TwitterKafkaStatusListener - Twitter status with text amet porttitor adipiscing porttitor ultricies congue Elasticsearch posuere massa purus sit massa
2021-02-17 12:59:12 [main] INFO  c.m.d.t.t.k.s.l.TwitterKafkaStatusListener - Twitter status with text amet magna massa malesuada pulvinar ipsum Microservices ipsum Lorem adipiscing porttitor amet
2021-02-17 12:59:23 [main] INFO  c.m.d.t.t.k.s.l.TwitterKafkaStatusListener - Twitter status with text sit Fusce Maecenas purus magna magna adipiscing pulvinar Microservices dolor Maecenas adipiscing elit amet sit
2021-02-17 12:59:33 [main] INFO  c.m.d.t.t.k.s.l.TwitterKafkaStatusListener - Twitter status with text Lorem amet purus purus Microservices ultricies magna
2021-02-17 12:59:43 [main] INFO  c.m.d.t.t.k.s.l.TwitterKafkaStatusListener - Twitter status with text purus posuere ultricies massa dolor magna Fusce Microservices Maecenas consectetuer ipsum porttitor consectetuer massa
2021-02-17 12:59:53 [main] INFO  c.m.d.t.t.k.s.l.TwitterKafkaStatusListener - Twitter status with text libero malesuada adipiscing elit Elasticsearch elit ipsum
2021-02-17 13:00:03 [main] INFO  c.m.d.t.t.k.s.l.TwitterKafkaStatusListener - Twitter status with text elit purus Fusce purus massa purus massa Elasticsearch amet porttitor adipiscing consectetuer sit
2021-02-17 13:00:13 [main] INFO  c.m.d.t.t.k.s.l.TwitterKafkaStatusListener - Twitter status with text magna ipsum posuere ultricies Java Fusce lectus magna
2021-02-17 13:00:23 [main] INFO  c.m.d.t.t.k.s.l.TwitterKafkaStatusListener - Twitter status with text amet posuere lectus porttitor Microservices lectus dolor Maecenas
2021-02-17 13:00:34 [main] INFO  c.m.d.t.t.k.s.l.TwitterKafkaStatusListener - Twitter status with text massa consectetuer porttitor congue massa Lorem Java Lorem amet malesuada ultricies dolor
2021-02-17 13:00:44 [main] INFO  c.m.d.t.t.k.s.l.TwitterKafkaStatusListener - Twitter status with text ultricies Lorem ipsum massa purus Fusce Elasticsearch malesuada porttitor Maecenas adipiscing ipsum
2021-02-17 13:00:54 [main] INFO  c.m.d.t.t.k.s.l.TwitterKafkaStatusListener - Twitter status with text libero pulvinar lectus sed Lorem Java libero porttitor consectetuer
2021-02-17 13:01:05 [main] INFO  c.m.d.t.t.k.s.l.TwitterKafkaStatusListener - Twitter status with text dolor magna sed Microservices dolor lectus
2021-02-17 13:01:15 [main] INFO  c.m.d.t.t.k.s.l.TwitterKafkaStatusListener - Twitter status with text massa dolor congue massa elit purus Kafka malesuada dolor malesuada sit
2021-02-17 13:01:25 [main] INFO  c.m.d.t.t.k.s.l.TwitterKafkaStatusListener - Twitter status with text congue sed posuere dolor lectus magna purus massa Microservices posuere sit dolor purus Lorem amet
2021-02-17 13:01:36 [main] INFO  c.m.d.t.t.k.s.l.TwitterKafkaStatusListener - Twitter status with text malesuada dolor sit consectetuer porttitor amet Elasticsearch malesuada congue sed sed Maecenas
2021-02-17 13:01:46 [main] INFO  c.m.d.t.t.k.s.l.TwitterKafkaStatusListener - Twitter status with text adipiscing purus amet magna consectetuer sit Kafka Maecenas Fusce dolor malesuada
2021-02-17 13:01:56 [main] INFO  c.m.d.t.t.k.s.l.TwitterKafkaStatusListener - Twitter status with text sed sit sed libero sit lectus lectus amet Kafka malesuada Lorem libero Maecenas Lorem consectetuer Lorem
2021-02-17 13:02:06 [main] INFO  c.m.d.t.t.k.s.l.TwitterKafkaStatusListener - Twitter status with text ipsum malesuada purus porttitor Fusce dolor lectus Lorem Java sed porttitor dolor dolor magna congue congue
2021-02-17 13:02:16 [main] INFO  c.m.d.t.t.k.s.l.TwitterKafkaStatusListener - Twitter status with text Fusce ipsum congue magna Lorem massa Microservices consectetuer consectetuer dolor congue dolor
2021-02-17 13:02:26 [main] INFO  c.m.d.t.t.k.s.l.TwitterKafkaStatusListener - Twitter status with text congue sed dolor sit ipsum Microservices pulvinar Maecenas amet
2021-02-17 13:02:36 [main] INFO  c.m.d.t.t.k.s.l.TwitterKafkaStatusListener - Twitter status with text sed ultricies lectus massa sed Kafka magna ultricies libero malesuada
2021-02-17 13:02:47 [main] INFO  c.m.d.t.t.k.s.l.TwitterKafkaStatusListener - Twitter status with text libero adipiscing posuere libero congue dolor Kafka Maecenas Lorem magna magna
2021-02-17 13:02:57 [main] INFO  c.m.d.t.t.k.s.l.TwitterKafkaStatusListener - Twitter status with text ultricies Maecenas ultricies consectetuer amet Elasticsearch elit posuere congue massa
2021-02-17 13:03:07 [main] INFO  c.m.d.t.t.k.s.l.TwitterKafkaStatusListener - Twitter status with text lectus libero amet libero sed Maecenas dolor Java massa massa massa purus Maecenas
2021-02-17 13:03:18 [main] INFO  c.m.d.t.t.k.s.l.TwitterKafkaStatusListener - Twitter status with text posuere adipiscing Maecenas Lorem ipsum Fusce Lorem lectus Elasticsearch lectus consectetuer ipsum dolor magna ipsum dolor
2021-02-17 13:03:28 [main] INFO  c.m.d.t.t.k.s.l.TwitterKafkaStatusListener - Twitter status with text congue libero amet sit Elasticsearch pulvinar purus dolor
2021-02-17 13:03:38 [main] INFO  c.m.d.t.t.k.s.l.TwitterKafkaStatusListener - Twitter status with text malesuada lectus malesuada magna magna ultricies sit elit Elasticsearch malesuada amet posuere consectetuer porttitor sed
2021-02-17 13:03:49 [main] INFO  c.m.d.t.t.k.s.l.TwitterKafkaStatusListener - Twitter status with text amet libero magna adipiscing posuere congue elit purus Elasticsearch posuere porttitor purus ultricies lectus consectetuer
2021-02-17 13:03:59 [main] INFO  c.m.d.t.t.k.s.l.TwitterKafkaStatusListener - Twitter status with text adipiscing porttitor pulvinar lectus porttitor magna dolor Kafka malesuada purus consectetuer elit massa posuere
2021-02-17 13:04:09 [main] INFO  c.m.d.t.t.k.s.l.TwitterKafkaStatusListener - Twitter status with text purus massa porttitor lectus congue libero posuere malesuada Java massa lectus pulvinar malesuada porttitor sit Maecenas
2021-02-17 13:04:20 [main] INFO  c.m.d.t.t.k.s.l.TwitterKafkaStatusListener - Twitter status with text congue ultricies sed purus Elasticsearch adipiscing purus
2021-02-17 13:04:30 [main] INFO  c.m.d.t.t.k.s.l.TwitterKafkaStatusListener - Twitter status with text purus sed ipsum posuere lectus ipsum Microservices ipsum pulvinar posuere porttitor ultricies
2021-02-17 13:04:40 [main] INFO  c.m.d.t.t.k.s.l.TwitterKafkaStatusListener - Twitter status with text malesuada ultricies Maecenas pulvinar ipsum massa porttitor dolor Elasticsearch porttitor sit congue Lorem magna libero
2021-02-17 13:04:50 [main] INFO  c.m.d.t.t.k.s.l.TwitterKafkaStatusListener - Twitter status with text massa ultricies sit lectus Kafka dolor Lorem Maecenas
2021-02-17 13:05:01 [main] INFO  c.m.d.t.t.k.s.l.TwitterKafkaStatusListener - Twitter status with text adipiscing malesuada amet lectus posuere Elasticsearch sed elit pulvinar consectetuer
2021-02-17 13:05:11 [main] INFO  c.m.d.t.t.k.s.l.TwitterKafkaStatusListener - Twitter status with text massa sit malesuada ultricies massa Elasticsearch sit malesuada libero
2021-02-17 13:05:21 [main] INFO  c.m.d.t.t.k.s.l.TwitterKafkaStatusListener - Twitter status with text consectetuer ultricies Fusce pulvinar Lorem adipiscing Kafka posuere ipsum libero elit
2021-02-17 13:05:32 [main] INFO  c.m.d.t.t.k.s.l.TwitterKafkaStatusListener - Twitter status with text ultricies libero Fusce amet purus magna Kafka porttitor lectus magna lectus Fusce
2021-02-17 13:05:42 [main] INFO  c.m.d.t.t.k.s.l.TwitterKafkaStatusListener - Twitter status with text elit Lorem congue sit porttitor Microservices sed Fusce libero
2021-02-17 13:05:52 [main] INFO  c.m.d.t.t.k.s.l.TwitterKafkaStatusListener - Twitter status with text sed sed magna dolor Elasticsearch Lorem lectus dolor
2021-02-17 13:06:02 [main] INFO  c.m.d.t.t.k.s.l.TwitterKafkaStatusListener - Twitter status with text malesuada porttitor porttitor massa malesuada sit Lorem congue Kafka libero malesuada consectetuer congue congue amet
2021-02-17 13:06:12 [main] INFO  c.m.d.t.t.k.s.l.TwitterKafkaStatusListener - Twitter status with text lectus ipsum Maecenas malesuada pulvinar porttitor elit amet Kafka amet sit dolor sit Lorem posuere elit
2021-02-17 13:06:22 [main] INFO  c.m.d.t.t.k.s.l.TwitterKafkaStatusListener - Twitter status with text magna dolor porttitor adipiscing Lorem ultricies Elasticsearch posuere malesuada ultricies libero
2021-02-17 13:06:33 [main] INFO  c.m.d.t.t.k.s.l.TwitterKafkaStatusListener - Twitter status with text sed elit elit sit sed congue magna pulvinar Elasticsearch sit amet adipiscing libero amet Fusce libero
2021-02-17 13:06:43 [main] INFO  c.m.d.t.t.k.s.l.TwitterKafkaStatusListener - Twitter status with text amet lectus Maecenas Elasticsearch Fusce Maecenas
2021-02-17 13:06:53 [main] INFO  c.m.d.t.t.k.s.l.TwitterKafkaStatusListener - Twitter status with text elit dolor posuere porttitor amet pulvinar posuere ultricies Kafka dolor sed Lorem elit pulvinar pulvinar
2021-02-17 13:07:04 [main] INFO  c.m.d.t.t.k.s.l.TwitterKafkaStatusListener - Twitter status with text magna ultricies consectetuer purus libero ultricies consectetuer Microservices Maecenas magna malesuada consectetuer dolor sit
2021-02-17 13:07:14 [main] INFO  c.m.d.t.t.k.s.l.TwitterKafkaStatusListener - Twitter status with text massa ultricies ultricies Maecenas sed malesuada Java ultricies sit congue Lorem
2021-02-17 13:07:24 [main] INFO  c.m.d.t.t.k.s.l.TwitterKafkaStatusListener - Twitter status with text massa elit pulvinar purus Fusce pulvinar libero porttitor Microservices posuere porttitor elit Fusce porttitor adipiscing
2021-02-17 13:07:34 [main] INFO  c.m.d.t.t.k.s.l.TwitterKafkaStatusListener - Twitter status with text porttitor adipiscing dolor elit lectus Elasticsearch Fusce adipiscing lectus
2021-02-17 13:07:45 [main] INFO  c.m.d.t.t.k.s.l.TwitterKafkaStatusListener - Twitter status with text elit Fusce libero Fusce sit purus amet Elasticsearch ultricies sed pulvinar sed ipsum
2021-02-17 13:07:55 [main] INFO  c.m.d.t.t.k.s.l.TwitterKafkaStatusListener - Twitter status with text ultricies purus ipsum ultricies massa pulvinar Microservices ultricies libero elit Lorem
2021-02-17 13:08:05 [main] INFO  c.m.d.t.t.k.s.l.TwitterKafkaStatusListener - Twitter status with text libero Maecenas Lorem adipiscing ipsum Fusce Elasticsearch elit amet amet elit
2021-02-17 13:08:16 [main] INFO  c.m.d.t.t.k.s.l.TwitterKafkaStatusListener - Twitter status with text ultricies Fusce adipiscing purus Fusce massa sit ipsum Elasticsearch consectetuer sit Lorem consectetuer sit massa sit
2021-02-17 13:08:26 [main] INFO  c.m.d.t.t.k.s.l.TwitterKafkaStatusListener - Twitter status with text dolor sit libero Lorem elit purus Microservices massa sed malesuada dolor
