2021-02-16 13:26:59 [main] INFO  c.m.d.t.t.k.s.TwitterToKafkaServiceApplication - Starting TwitterToKafkaServiceApplication on master-node with PID 1401228 (/home/dxc/training/microservices/3/microservices-demo/twitter-to-kafka-service/target/classes started by dxc in /home/dxc/training/microservices/3/microservices-demo)
2021-02-16 13:26:59 [main] INFO  c.m.d.t.t.k.s.TwitterToKafkaServiceApplication - No active profile set, falling back to default profiles: default
2021-02-16 13:26:59 [main] INFO  c.m.d.t.t.k.s.TwitterToKafkaServiceApplication - Started TwitterToKafkaServiceApplication in 0.947 seconds (JVM running for 1.47)
2021-02-16 13:26:59 [main] INFO  c.m.d.t.t.k.s.TwitterToKafkaServiceApplication - App starts...
2021-02-16 13:26:59 [main] INFO  c.m.d.t.t.k.s.TwitterToKafkaServiceApplication - [Java, Microservices, Kafka, Elasticsearch]
2021-02-16 13:26:59 [main] INFO  c.m.d.t.t.k.s.TwitterToKafkaServiceApplication - Hello microservices!
2021-02-16 18:13:35 [main] INFO  c.m.d.t.t.k.s.TwitterToKafkaServiceApplication - Starting TwitterToKafkaServiceApplication on master-node with PID 1490108 (/home/dxc/training/microservices/3/microservices-demo/twitter-to-kafka-service/target/classes started by dxc in /home/dxc/training/microservices/3/microservices-demo)
2021-02-16 18:13:35 [main] INFO  c.m.d.t.t.k.s.TwitterToKafkaServiceApplication - No active profile set, falling back to default profiles: default
2021-02-16 18:13:35 [main] INFO  c.m.d.t.t.k.s.TwitterToKafkaServiceApplication - Started TwitterToKafkaServiceApplication in 0.9 seconds (JVM running for 1.395)
2021-02-16 18:13:35 [main] INFO  c.m.d.t.t.k.s.TwitterToKafkaServiceApplication - App starts...
2021-02-16 18:13:35 [main] INFO  c.m.d.t.t.k.s.TwitterToKafkaServiceApplication - [Java, Microservices, Kafka, Elasticsearch]
2021-02-16 18:13:35 [main] INFO  c.m.d.t.t.k.s.TwitterToKafkaServiceApplication - Hello microservices!
2021-02-16 18:13:35 [Twitter Stream consumer /  [1][initializing]] INFO  twitter4j.TwitterStreamImpl - Establishing connection.
2021-02-16 18:13:35 [main] INFO  c.m.d.t.t.k.s.r.i.TwitterKafkaStreamRunner - Started filtering twitter stream for keywords [Java, Microservices, Kafka, Elasticsearch]
2021-02-16 18:13:37 [Twitter Stream consumer /  [1][Establishing connection]] INFO  twitter4j.TwitterStreamImpl - Connection established.
2021-02-16 18:13:37 [Twitter Stream consumer /  [1][Establishing connection]] INFO  twitter4j.TwitterStreamImpl - Receiving status stream.
2021-02-16 18:13:37 [Twitter4J Async Dispatcher[0]] INFO  c.m.d.t.t.k.s.l.TwitterKafkaStatusListener - Twitter status with text Component update: video-tag-java: Simple Java-Class wrapping HTML-Video-Tag https://t.co/7Ag4HOMtUV
2021-02-16 18:13:37 [Twitter4J Async Dispatcher[0]] INFO  c.m.d.t.t.k.s.l.TwitterKafkaStatusListener - Twitter status with text RT @therealdanvega: This is the year that I get accepted 🥳 #SpringBoot #SpringOne #Java https://t.co/cJ7YJ8lwtY
2021-02-16 18:13:38 [Twitter4J Async Dispatcher[0]] INFO  c.m.d.t.t.k.s.l.TwitterKafkaStatusListener - Twitter status with text Livraison🌿à domicile 
Ajouter pour commander 
Snap👻:// Erick_stone21
#paris #citation #saintdenis #Python #Java #JavaScript  #ReactJS #Serverless #IoT #Linux #100DaysofCode #PSG #france #weed #beuh #shit #cocaine #drogue #Toulouse #LOSC https://t.co/xjfKhq8WzB
2021-02-16 18:13:38 [Twitter4J Async Dispatcher[0]] INFO  c.m.d.t.t.k.s.l.TwitterKafkaStatusListener - Twitter status with text RT @MagasinBeuh: Livraison rapide et discrete
✔🔌Snapchat: coffee_sp33
https://t.co/YQj9ZKg9kP

#paris #citation #saintdenis #Python #Java #…
2021-02-16 18:13:39 [Twitter4J Async Dispatcher[0]] INFO  c.m.d.t.t.k.s.l.TwitterKafkaStatusListener - Twitter status with text RT @svswaminathan: If you are passionate about solving problems at scale, learning new skills, working on #CloudNative app dev, then check…
2021-02-16 18:13:42 [Twitter4J Async Dispatcher[0]] INFO  c.m.d.t.t.k.s.l.TwitterKafkaStatusListener - Twitter status with text RT @vaggasbr: Vocês viram que a @TeamLiquid / @TeamLiquidBR está em busca de Back End Developer em São Paulo/SP?

É preciso ter +1 ano de e…
2021-02-16 18:13:44 [Twitter4J Async Dispatcher[0]] INFO  c.m.d.t.t.k.s.l.TwitterKafkaStatusListener - Twitter status with text RT @gp_pulipaka: Plotting Decision Trees In-Memory. #BigData #Analytics #DataScience #AI #MachineLearning #IoT #IIoT #Python #RStats #Tenso…
2021-02-16 18:13:45 [Twitter4J Async Dispatcher[0]] INFO  c.m.d.t.t.k.s.l.TwitterKafkaStatusListener - Twitter status with text RT @WisesaAntonio: (Perfection) and Metta (Benevolence), head councils, none higher than the other.

The little box with eyes can copy ever…
2021-02-16 18:13:45 [Twitter4J Async Dispatcher[0]] INFO  c.m.d.t.t.k.s.l.TwitterKafkaStatusListener - Twitter status with text RT @Ludovic01752573: Livraison🌿à domicile 
Ajouter pour commander 
Snap👻://Erick_stone21
#paris #citation #saintdenis #Python #Java #JavaSc…
2021-02-16 18:13:47 [Twitter4J Async Dispatcher[0]] INFO  c.m.d.t.t.k.s.l.TwitterKafkaStatusListener - Twitter status with text @Alienware Minecraft java... since Minecraft bountiful update 1.8 snapshot
2021-02-16 18:13:49 [Twitter4J Async Dispatcher[0]] INFO  c.m.d.t.t.k.s.l.TwitterKafkaStatusListener - Twitter status with text RT @gp_pulipaka: Plotting Decision Trees In-Memory. #BigData #Analytics #DataScience #AI #MachineLearning #IoT #IIoT #Python #RStats #Tenso…
2021-02-16 18:13:49 [Twitter4J Async Dispatcher[0]] INFO  c.m.d.t.t.k.s.l.TwitterKafkaStatusListener - Twitter status with text RT @EdpressoC: How to do method overriding in #Java

By Smriti Mallick
#Edpresso #100DaysOfCode #Coding 
https://t.co/fNAK5Bdnvg
2021-02-16 18:13:52 [Twitter4J Async Dispatcher[0]] INFO  c.m.d.t.t.k.s.l.TwitterKafkaStatusListener - Twitter status with text RT @literlandweb1: "Los niños son gente seria y no conocen lo imposible".
Franz Kafka https://t.co/zYhiGI2bim
2021-02-16 18:13:54 [Twitter4J Async Dispatcher[0]] INFO  c.m.d.t.t.k.s.l.TwitterKafkaStatusListener - Twitter status with text @ajthebold1234 IGN:TheLastMohican
version:Java
discord ID:🐺jaden the last mohican🐺#4967
I have trained for minecraft warfare being apart of one myself and I am new to your following but I can not stand for what these people have done and i will fight for you(I use tlauncher i'm broke)
2021-02-16 18:13:56 [Twitter4J Async Dispatcher[0]] INFO  c.m.d.t.t.k.s.l.TwitterKafkaStatusListener - Twitter status with text RT @EdpressoC: How to do method overriding in #Java

By Smriti Mallick
#Edpresso #100DaysOfCode #Coding 
https://t.co/fNAK5Bdnvg
2021-02-16 18:13:56 [Twitter4J Async Dispatcher[0]] INFO  c.m.d.t.t.k.s.l.TwitterKafkaStatusListener - Twitter status with text @ajthebold1234 IGN: Wizzardfishy 
Version: Java
Discord: Wizzardfishy#4796
Reason: I am god at minecraft I will help kill the man give the man a piece of my mind because it’s not right to cone kill your dog destroy your base and think they are cool And that’s it is gonna get them famous
2021-02-16 18:13:57 [Twitter4J Async Dispatcher[0]] INFO  c.m.d.t.t.k.s.l.TwitterKafkaStatusListener - Twitter status with text RT @WisesaAntonio: (Perfection) and Metta (Benevolence), head councils, none higher than the other.

The little box with eyes can copy ever…
2021-02-16 18:13:58 [Twitter4J Async Dispatcher[0]] INFO  c.m.d.t.t.k.s.l.TwitterKafkaStatusListener - Twitter status with text RT @literlandweb1: "Los niños son gente seria y no conocen lo imposible".
Franz Kafka https://t.co/zYhiGI2bim
2021-02-16 18:13:59 [Twitter4J Async Dispatcher[0]] INFO  c.m.d.t.t.k.s.l.TwitterKafkaStatusListener - Twitter status with text RT @Ludovic01752573: Livraison🌿à domicile 
Ajouter pour commander 
Snap👻://Erick_stone21
#paris #citation #saintdenis #Python #Java #JavaSc…
2021-02-16 18:14:00 [Twitter4J Async Dispatcher[0]] INFO  c.m.d.t.t.k.s.l.TwitterKafkaStatusListener - Twitter status with text @ajthebold1234 I will help You WIN the war. These kids had no right to imprison you so I can help you

IGN: CryptoOptic
java
CryptoOptic#5049

#AJDOGWAR
2021-02-16 18:14:03 [Twitter4J Async Dispatcher[0]] INFO  c.m.d.t.t.k.s.l.TwitterKafkaStatusListener - Twitter status with text RT @literlandweb1: "Los niños son gente seria y no conocen lo imposible".
Franz Kafka https://t.co/zYhiGI2bim
2021-02-16 18:14:05 [Twitter4J Async Dispatcher[0]] INFO  c.m.d.t.t.k.s.l.TwitterKafkaStatusListener - Twitter status with text GAN is hiring in #London, England! Click the link in our bio to apply: Senior Java Developer #developer
2021-02-16 18:14:06 [Twitter4J Async Dispatcher[0]] INFO  c.m.d.t.t.k.s.l.TwitterKafkaStatusListener - Twitter status with text RT @literlandweb1: "Los niños son gente seria y no conocen lo imposible".
Franz Kafka https://t.co/zYhiGI2bim
2021-02-16 18:14:06 [Twitter4J Async Dispatcher[0]] INFO  c.m.d.t.t.k.s.l.TwitterKafkaStatusListener - Twitter status with text RT @Ludovic01752573: Livraison🌿🌿sur et discret 👇👇
Snap:📲💵 :Erick_stone21
#paris #citation #saintdenis #Python #Java #JavaScript  #ReactJS #…
2021-02-16 18:14:08 [Twitter4J Async Dispatcher[0]] INFO  c.m.d.t.t.k.s.l.TwitterKafkaStatusListener - Twitter status with text Amazonランキング:6位

ピジョン 母乳パッド フィットアップ プレミアムケア 136枚入 なめらかシルキータッチで乳首をやさしく包み込む 0か月…(02:14)
https://t.co/kb8iNyd1z6
2021-02-16 18:14:12 [Twitter4J Async Dispatcher[0]] INFO  c.m.d.t.t.k.s.l.TwitterKafkaStatusListener - Twitter status with text RT @vaggasbr: Vocês viram que a @TeamLiquid / @TeamLiquidBR está em busca de Back End Developer em São Paulo/SP?

É preciso ter +1 ano de e…
2021-02-16 18:14:15 [Twitter4J Async Dispatcher[0]] INFO  c.m.d.t.t.k.s.l.TwitterKafkaStatusListener - Twitter status with text Recomendado:

Our #OracleDevLive virtual event on March 30 features experts discussing the future of #Java and the latest innovations in Java 16. Don’t miss out! https://t.co/rfEfPcMD1Q https://t.co/ImFDY2ZaoZ

— Java (@java) February 16, 2021

 #prog
2021-02-16 18:14:15 [Twitter4J Async Dispatcher[0]] INFO  c.m.d.t.t.k.s.l.TwitterKafkaStatusListener - Twitter status with text @ajthebold1234 ImAntiNormalizer
Java and Bedrock
AntiNormalizer#9067
I understand the game very well and I am good at redstone so if any traps or stuff are needed im down :D
2021-02-16 18:14:16 [Twitter4J Async Dispatcher[0]] INFO  c.m.d.t.t.k.s.l.TwitterKafkaStatusListener - Twitter status with text RT @thomasmoble: https://t.co/G00p7h83rT

#programming #coding #programmer #javascript #html #machinelearning #css #100DaysOfCode #BigData…
2021-02-16 18:14:16 [Twitter4J Async Dispatcher[0]] INFO  c.m.d.t.t.k.s.l.TwitterKafkaStatusListener - Twitter status with text Recomendado:

How to Create and Start Multiple Threads in Java? - Example https://t.co/DEMipP1yyV #Java #Programming #100DAysOfCode #Multithreading

— javinpaul (@javinpaul) February 16, 2021

 #prog
2021-02-16 18:14:18 [Twitter4J Async Dispatcher[0]] INFO  c.m.d.t.t.k.s.l.TwitterKafkaStatusListener - Twitter status with text RT @WIRED: Python tied for second in the latest ranking of programming language popularity published by the analyst firm RedMonk. It’s the…
2021-02-16 18:14:20 [SpringContextShutdownHook] INFO  c.m.d.t.t.k.s.r.i.TwitterKafkaStreamRunner - Closing twitter stream!
